mode: set
github.com/NetApp/netappdvp/docker_driver/api.go:17.62,28.24 8 0
github.com/NetApp/netappdvp/docker_driver/api.go:36.2,36.30 1 0
github.com/NetApp/netappdvp/docker_driver/api.go:40.2,43.34 2 0
github.com/NetApp/netappdvp/docker_driver/api.go:53.2,53.22 1 0
github.com/NetApp/netappdvp/docker_driver/api.go:58.2,58.26 1 0
github.com/NetApp/netappdvp/docker_driver/api.go:28.24,29.46 1 0
github.com/NetApp/netappdvp/docker_driver/api.go:29.46,31.4 1 0
github.com/NetApp/netappdvp/docker_driver/api.go:32.3,32.23 1 0
github.com/NetApp/netappdvp/docker_driver/api.go:32.23,34.3 1 0
github.com/NetApp/netappdvp/docker_driver/api.go:36.30,38.3 1 0
github.com/NetApp/netappdvp/docker_driver/api.go:43.34,49.3 3 0
github.com/NetApp/netappdvp/docker_driver/api.go:49.3,51.3 1 0
github.com/NetApp/netappdvp/docker_driver/api.go:53.22,56.3 2 0
github.com/NetApp/netappdvp/docker_driver/api.go:61.60,70.16 6 0
github.com/NetApp/netappdvp/docker_driver/api.go:73.2,77.16 3 0
github.com/NetApp/netappdvp/docker_driver/api.go:80.2,80.17 1 0
github.com/NetApp/netappdvp/docker_driver/api.go:85.2,88.16 4 0
github.com/NetApp/netappdvp/docker_driver/api.go:91.2,91.31 1 0
github.com/NetApp/netappdvp/docker_driver/api.go:111.2,111.39 1 0
github.com/NetApp/netappdvp/docker_driver/api.go:70.16,72.3 1 0
github.com/NetApp/netappdvp/docker_driver/api.go:77.16,79.3 1 0
github.com/NetApp/netappdvp/docker_driver/api.go:80.17,82.3 1 0
github.com/NetApp/netappdvp/docker_driver/api.go:88.16,90.3 1 0
github.com/NetApp/netappdvp/docker_driver/api.go:91.31,92.23 1 0
github.com/NetApp/netappdvp/docker_driver/api.go:92.23,99.56 3 0
github.com/NetApp/netappdvp/docker_driver/api.go:99.56,105.5 4 0
github.com/NetApp/netappdvp/docker_driver/api.go:105.5,107.5 1 0
github.com/NetApp/netappdvp/docker_driver/api.go:114.59,124.16 6 0
github.com/NetApp/netappdvp/docker_driver/api.go:129.2,144.3 4 0
github.com/NetApp/netappdvp/docker_driver/api.go:124.16,126.3 1 0
github.com/NetApp/netappdvp/docker_driver/api.go:147.62,156.28 5 0
github.com/NetApp/netappdvp/docker_driver/api.go:161.2,166.24 4 0
github.com/NetApp/netappdvp/docker_driver/api.go:172.2,172.30 1 0
github.com/NetApp/netappdvp/docker_driver/api.go:177.2,178.23 2 0
github.com/NetApp/netappdvp/docker_driver/api.go:182.2,184.17 3 0
github.com/NetApp/netappdvp/docker_driver/api.go:188.2,188.26 1 0
github.com/NetApp/netappdvp/docker_driver/api.go:156.28,159.3 2 0
github.com/NetApp/netappdvp/docker_driver/api.go:166.24,168.3 1 0
github.com/NetApp/netappdvp/docker_driver/api.go:168.3,168.23 1 0
github.com/NetApp/netappdvp/docker_driver/api.go:168.23,170.3 1 0
github.com/NetApp/netappdvp/docker_driver/api.go:172.30,174.3 1 0
github.com/NetApp/netappdvp/docker_driver/api.go:178.23,180.3 1 0
github.com/NetApp/netappdvp/docker_driver/api.go:184.17,186.3 1 0
github.com/NetApp/netappdvp/docker_driver/api.go:191.60,198.16 5 0
github.com/NetApp/netappdvp/docker_driver/api.go:202.2,204.3 1 0
github.com/NetApp/netappdvp/docker_driver/api.go:198.16,200.3 1 0
github.com/NetApp/netappdvp/docker_driver/api.go:207.66,220.24 8 0
github.com/NetApp/netappdvp/docker_driver/api.go:228.2,228.30 1 0
github.com/NetApp/netappdvp/docker_driver/api.go:233.2,234.23 2 0
github.com/NetApp/netappdvp/docker_driver/api.go:237.2,237.28 1 0
github.com/NetApp/netappdvp/docker_driver/api.go:245.2,248.22 3 0
github.com/NetApp/netappdvp/docker_driver/api.go:253.2,253.39 1 0
github.com/NetApp/netappdvp/docker_driver/api.go:220.24,221.46 1 0
github.com/NetApp/netappdvp/docker_driver/api.go:221.46,223.4 1 0
github.com/NetApp/netappdvp/docker_driver/api.go:224.3,224.23 1 0
github.com/NetApp/netappdvp/docker_driver/api.go:224.23,226.3 1 0
github.com/NetApp/netappdvp/docker_driver/api.go:228.30,230.3 1 0
github.com/NetApp/netappdvp/docker_driver/api.go:234.23,236.3 1 0
github.com/NetApp/netappdvp/docker_driver/api.go:237.28,238.20 1 0
github.com/NetApp/netappdvp/docker_driver/api.go:238.20,241.4 2 0
github.com/NetApp/netappdvp/docker_driver/api.go:248.22,251.3 2 0
github.com/NetApp/netappdvp/docker_driver/api.go:256.70,269.22 8 0
github.com/NetApp/netappdvp/docker_driver/api.go:273.2,273.26 1 0
github.com/NetApp/netappdvp/docker_driver/api.go:269.22,271.3 1 0
github.com/NetApp/netappdvp/docker_driver/api.go:276.68,283.2 4 0
github.com/NetApp/netappdvp/docker_driver/docker_driver.go:24.44,28.32 4 1
github.com/NetApp/netappdvp/docker_driver/docker_driver.go:43.2,43.20 1 1
github.com/NetApp/netappdvp/docker_driver/docker_driver.go:28.32,30.29 2 1
github.com/NetApp/netappdvp/docker_driver/docker_driver.go:30.29,33.4 1 1
github.com/NetApp/netappdvp/docker_driver/docker_driver.go:33.4,37.4 1 1
github.com/NetApp/netappdvp/docker_driver/docker_driver.go:38.3,41.3 1 1
github.com/NetApp/netappdvp/docker_driver/docker_driver.go:46.53,48.42 2 1
github.com/NetApp/netappdvp/docker_driver/docker_driver.go:51.2,51.27 1 1
github.com/NetApp/netappdvp/docker_driver/docker_driver.go:48.42,50.3 1 1
github.com/NetApp/netappdvp/docker_driver/docker_driver.go:54.46,58.33 4 1
github.com/NetApp/netappdvp/docker_driver/docker_driver.go:73.2,73.20 1 1
github.com/NetApp/netappdvp/docker_driver/docker_driver.go:58.33,60.29 2 0
github.com/NetApp/netappdvp/docker_driver/docker_driver.go:60.29,63.4 1 0
github.com/NetApp/netappdvp/docker_driver/docker_driver.go:63.4,67.4 1 0
github.com/NetApp/netappdvp/docker_driver/docker_driver.go:68.3,71.3 1 1
github.com/NetApp/netappdvp/docker_driver/docker_driver.go:76.53,78.2 1 1
github.com/NetApp/netappdvp/docker_driver/docker_driver.go:80.118,83.24 2 0
github.com/NetApp/netappdvp/docker_driver/docker_driver.go:89.2,89.32 1 0
github.com/NetApp/netappdvp/docker_driver/docker_driver.go:93.2,99.15 2 0
github.com/NetApp/netappdvp/docker_driver/docker_driver.go:83.24,84.49 1 0
github.com/NetApp/netappdvp/docker_driver/docker_driver.go:84.49,86.4 1 0
github.com/NetApp/netappdvp/docker_driver/docker_driver.go:89.32,91.3 1 0
github.com/NetApp/netappdvp/docker_driver/docker_driver.go:102.71,108.24 5 1
github.com/NetApp/netappdvp/docker_driver/docker_driver.go:111.2,111.15 1 1
github.com/NetApp/netappdvp/docker_driver/docker_driver.go:115.2,115.34 1 1
github.com/NetApp/netappdvp/docker_driver/docker_driver.go:108.24,110.3 1 0
github.com/NetApp/netappdvp/docker_driver/docker_driver.go:111.15,113.3 1 0
